<?xml version="1.0" encoding="UTF-8"?>
<!-- Generated by org.testng.reporters.JUnitReportReporter -->
<testsuite skipped="0" hostname="DESKTOP-L0TDH83" name="qa.tests.RestApiTest" tests="1" failures="0" timestamp="02 Mar 2019 15:37:01 GMT" time="2.098" errors="0">
  <testcase name="restapitest" time="2.098" classname="qa.tests.RestApiTest"/>
</testsuite> <!-- qa.tests.RestApiTest -->
