<?xml version="1.0" encoding="UTF-8"?>
<!-- Generated by org.testng.reporters.JUnitReportReporter -->
<testsuite skipped="0" hostname="DESKTOP-L0TDH83" name="qa.sampleproject.tests.yahooMailDatadriven" tests="1" failures="0" timestamp="01 Mar 2019 04:43:40 GMT" time="0.000" errors="1">
  <testcase name="loginTest" time="0.000" classname="qa.sampleproject.tests.yahooMailDatadriven">
    <error type="org.testng.TestNGException" message="
Method public void qa.sampleproject.tests.yahooMailDatadriven.loginTest(java.lang.String,java.lang.String) requires a @DataProvider named : getTestData1()">
      <![CDATA[org.testng.TestNGException: 
Method public void qa.sampleproject.tests.yahooMailDatadriven.loginTest(java.lang.String,java.lang.String) requires a @DataProvider named : getTestData1()
at org.testng.internal.Parameters.findDataProvider(Parameters.java:513)
at org.testng.internal.Parameters.handleParameters(Parameters.java:691)
at org.testng.internal.ParameterHandler.handleParameters(ParameterHandler.java:49)
at org.testng.internal.ParameterHandler.createParameters(ParameterHandler.java:37)
at org.testng.internal.Invoker.invokeTestMethods(Invoker.java:924)
at org.testng.internal.TestMethodWorker.invokeTestMethods(TestMethodWorker.java:125)
at org.testng.internal.TestMethodWorker.run(TestMethodWorker.java:109)
at java.util.concurrent.ThreadPoolExecutor.runWorker(Unknown Source)
at java.util.concurrent.ThreadPoolExecutor$Worker.run(Unknown Source)
at java.lang.Thread.run(Unknown Source)
]]>
    </error>
  </testcase> <!-- loginTest -->
</testsuite> <!-- qa.sampleproject.tests.yahooMailDatadriven -->
