<?xml version="1.0" encoding="UTF-8"?>
<!-- Generated by org.testng.reporters.JUnitReportReporter -->
<testsuite skipped="0" hostname="DESKTOP-L0TDH83" name="qa.sampleproject.testngtests.invocationCount" tests="10" failures="0" timestamp="26 Feb 2019 09:01:10 GMT" time="0.020" errors="0">
  <testcase name="sum" time="0.002" classname="qa.sampleproject.testngtests.invocationCount"/>
  <testcase name="sum" time="0.003" classname="qa.sampleproject.testngtests.invocationCount"/>
  <testcase name="sum" time="0.002" classname="qa.sampleproject.testngtests.invocationCount"/>
  <testcase name="sum" time="0.002" classname="qa.sampleproject.testngtests.invocationCount"/>
  <testcase name="sum" time="0.004" classname="qa.sampleproject.testngtests.invocationCount"/>
  <testcase name="sum" time="0.002" classname="qa.sampleproject.testngtests.invocationCount"/>
  <testcase name="sum" time="0.001" classname="qa.sampleproject.testngtests.invocationCount"/>
  <testcase name="sum" time="0.002" classname="qa.sampleproject.testngtests.invocationCount"/>
  <testcase name="sum" time="0.001" classname="qa.sampleproject.testngtests.invocationCount"/>
  <testcase name="sum" time="0.001" classname="qa.sampleproject.testngtests.invocationCount"/>
</testsuite> <!-- qa.sampleproject.testngtests.invocationCount -->
